<?xml version="1.0" encoding="UTF-8"?>
<robot generator="Robot 3.2.1 (Python 3.7.1 on win32)" generated="20200604 23:16:37.966" rpa="false">
<suite id="s1" name="Test1" source="I:\Test\Demo\TestCases\Test1.robot">
<test id="s1-t1" name="LoginTest">
<kw name="Open Browser" library="SeleniumLibrary">
<doc>Opens a new browser instance to the optional ``url``.</doc>
<arguments>
<arg>${Url}</arg>
<arg>${Browser}</arg>
</arguments>
<msg timestamp="20200604 23:16:41.013" level="INFO">Opening browser 'chrome' to base url 'http://automationpractice.com/index.php'.</msg>
<status status="PASS" starttime="20200604 23:16:41.013" endtime="20200604 23:16:58.564"></status>
</kw>
<kw name="Maximize Browser Window" library="SeleniumLibrary">
<doc>Maximizes current browser window.</doc>
<status status="PASS" starttime="20200604 23:16:58.566" endtime="20200604 23:16:59.717"></status>
</kw>
<kw name="Set Selenium Speed" library="SeleniumLibrary">
<doc>Sets the delay that is waited after each Selenium command.</doc>
<arguments>
<arg>2 seconds</arg>
</arguments>
<status status="PASS" starttime="20200604 23:16:59.720" endtime="20200604 23:16:59.721"></status>
</kw>
<kw name="Click Link" library="SeleniumLibrary">
<doc>Clicks a link identified by ``locator``.</doc>
<arguments>
<arg>xpath://*[@id="header"]/div[2]/div/div/nav/div[1]/a</arg>
</arguments>
<msg timestamp="20200604 23:16:59.722" level="INFO">Clicking link 'xpath://*[@id="header"]/div[2]/div/div/nav/div[1]/a'.</msg>
<status status="PASS" starttime="20200604 23:16:59.721" endtime="20200604 23:17:08.939"></status>
</kw>
<kw name="Scroll Element Into View" library="SeleniumLibrary">
<doc>Scrolls the element identified by ``locator`` into view.</doc>
<arguments>
<arg>xpath://*[@id="SubmitLogin"]</arg>
</arguments>
<status status="PASS" starttime="20200604 23:17:08.939" endtime="20200604 23:17:13.239"></status>
</kw>
<kw name="Input Text" library="SeleniumLibrary">
<doc>Types the given ``text`` into the text field identified by ``locator``.</doc>
<arguments>
<arg>xpath://*[@id="email"]</arg>
<arg>nnagesh@gmail.com</arg>
</arguments>
<msg timestamp="20200604 23:17:13.239" level="INFO">Typing text 'nnagesh@gmail.com' into text field 'xpath://*[@id="email"]'.</msg>
<status status="PASS" starttime="20200604 23:17:13.239" endtime="20200604 23:17:19.554"></status>
</kw>
<kw name="Input Text" library="SeleniumLibrary">
<doc>Types the given ``text`` into the text field identified by ``locator``.</doc>
<arguments>
<arg>id:passwd</arg>
<arg>Test</arg>
</arguments>
<msg timestamp="20200604 23:17:19.555" level="INFO">Typing text 'Test' into text field 'id:passwd'.</msg>
<status status="PASS" starttime="20200604 23:17:19.554" endtime="20200604 23:17:25.742"></status>
</kw>
<kw name="Click Element" library="SeleniumLibrary">
<doc>Click the element identified by ``locator``.</doc>
<arguments>
<arg>xpath://*[@id="SubmitLogin"]</arg>
</arguments>
<msg timestamp="20200604 23:17:25.743" level="INFO">Clicking element 'xpath://*[@id="SubmitLogin"]'.</msg>
<status status="PASS" starttime="20200604 23:17:25.743" endtime="20200604 23:17:32.150"></status>
</kw>
<kw name="Close Browser" library="SeleniumLibrary">
<doc>Closes the current browser.</doc>
<status status="PASS" starttime="20200604 23:17:32.150" endtime="20200604 23:17:37.538"></status>
</kw>
<status status="PASS" starttime="20200604 23:16:41.013" endtime="20200604 23:17:37.540" critical="yes"></status>
</test>
<status status="PASS" starttime="20200604 23:16:37.982" endtime="20200604 23:17:37.546"></status>
</suite>
<statistics>
<total>
<stat pass="1" fail="0">Critical Tests</stat>
<stat pass="1" fail="0">All Tests</stat>
</total>
<tag>
</tag>
<suite>
<stat pass="1" fail="0" id="s1" name="Test1">Test1</stat>
</suite>
</statistics>
<errors>
</errors>
</robot>
